<?xml version="1.0" encoding="UTF-8"?>
<testng-results skipped="0" failed="0" ignored="0" total="0" passed="0">
  <reporter-output>
  </reporter-output>
  <suite name="HBO Automation Script " duration-ms="4" started-at="2018-04-25T02:22:04Z" finished-at="2018-04-25T02:22:04Z">
    <groups>
    </groups>
    <test name="test obamacare" duration-ms="4" started-at="2018-04-25T02:22:04Z" finished-at="2018-04-25T02:22:04Z">
    </test> <!-- test obamacare -->
  </suite> <!-- HBO Automation Script  -->
</testng-results>
