<?xml version="1.0" encoding="UTF-8"?>
<testng-results skipped="0" failed="0" ignored="0" total="0" passed="0">
  <reporter-output>
  </reporter-output>
  <suite name="Facebook Automation Script " duration-ms="4" started-at="2018-04-28T13:11:49Z" finished-at="2018-04-28T13:11:49Z">
    <groups>
    </groups>
    <test name="test FB" duration-ms="4" started-at="2018-04-28T13:11:49Z" finished-at="2018-04-28T13:11:49Z">
    </test> <!-- test FB -->
  </suite> <!-- Facebook Automation Script  -->
</testng-results>
