<?xml version="1.0" encoding="UTF-8"?>
<testng-results skipped="0" failed="0" ignored="0" total="0" passed="0">
  <reporter-output>
  </reporter-output>
  <suite name="Facebook Automation Script " duration-ms="4" started-at="2018-04-25T02:22:02Z" finished-at="2018-04-25T02:22:02Z">
    <groups>
    </groups>
    <test name="test Ebay" duration-ms="4" started-at="2018-04-25T02:22:02Z" finished-at="2018-04-25T02:22:02Z">
    </test> <!-- test Ebay -->
  </suite> <!-- Facebook Automation Script  -->
</testng-results>
