<?xml version="1.0" encoding="UTF-8"?>
<testng-results skipped="0" failed="0" ignored="0" total="1" passed="1">
  <reporter-output>
  </reporter-output>
  <suite name="Facebook Automation Script " duration-ms="13050" started-at="2018-04-25T02:22:05Z" finished-at="2018-04-25T02:22:18Z">
    <groups>
    </groups>
    <test name="test Ebay" duration-ms="13050" started-at="2018-04-25T02:22:05Z" finished-at="2018-04-25T02:22:18Z">
      <class name="ebay.testEbay">
        <test-method status="PASS" signature="setUp(java.lang.String, java.lang.String, java.lang.String)[pri:0, instance:ebay.testEbay@15d0c81b]" name="setUp" is-config="true" duration-ms="2828" started-at="2018-04-25T02:22:05Z" finished-at="2018-04-25T02:22:08Z">
          <params>
            <param index="0">
              <value>
                <![CDATA[https://www.ebay.com]]>
              </value>
            </param>
            <param index="1">
              <value>
                <![CDATA[Chrome]]>
              </value>
            </param>
            <param index="2">
              <value>
                <![CDATA[mac]]>
              </value>
            </param>
          </params>
          <reporter-output>
          </reporter-output>
        </test-method> <!-- setUp -->
        <test-method status="PASS" signature="editcategoriess()[pri:0, instance:ebay.testEbay@15d0c81b]" name="editcategoriess" duration-ms="202" started-at="2018-04-25T02:22:08Z" finished-at="2018-04-25T02:22:08Z">
          <reporter-output>
          </reporter-output>
        </test-method> <!-- editcategoriess -->
        <test-method status="PASS" signature="quit()[pri:0, instance:ebay.testEbay@15d0c81b]" name="quit" is-config="true" duration-ms="10002" started-at="2018-04-25T02:22:08Z" finished-at="2018-04-25T02:22:18Z">
          <reporter-output>
          </reporter-output>
        </test-method> <!-- quit -->
      </class> <!-- ebay.testEbay -->
    </test> <!-- test Ebay -->
  </suite> <!-- Facebook Automation Script  -->
</testng-results>
