<?xml version="1.0" encoding="UTF-8"?>
<testng-results skipped="0" failed="0" ignored="0" total="1" passed="1">
  <reporter-output>
  </reporter-output>
  <suite name="Facebook Automation Script " duration-ms="12870" started-at="2018-04-27T00:00:53Z" finished-at="2018-04-27T00:01:06Z">
    <groups>
    </groups>
    <test name="test Ebay" duration-ms="12870" started-at="2018-04-27T00:00:53Z" finished-at="2018-04-27T00:01:06Z">
      <class name="ebay.testEbay">
        <test-method status="PASS" signature="setUp(java.lang.String, java.lang.String, java.lang.String)[pri:0, instance:ebay.testEbay@5f282abb]" name="setUp" is-config="true" duration-ms="2616" started-at="2018-04-27T00:00:53Z" finished-at="2018-04-27T00:00:55Z">
          <params>
            <param index="0">
              <value>
                <![CDATA[https://www.ebay.com]]>
              </value>
            </param>
            <param index="1">
              <value>
                <![CDATA[Chrome]]>
              </value>
            </param>
            <param index="2">
              <value>
                <![CDATA[mac]]>
              </value>
            </param>
          </params>
          <reporter-output>
          </reporter-output>
        </test-method> <!-- setUp -->
        <test-method status="PASS" signature="editcategoriess()[pri:0, instance:ebay.testEbay@5f282abb]" name="editcategoriess" duration-ms="230" started-at="2018-04-27T00:00:55Z" finished-at="2018-04-27T00:00:56Z">
          <reporter-output>
          </reporter-output>
        </test-method> <!-- editcategoriess -->
        <test-method status="PASS" signature="quit()[pri:0, instance:ebay.testEbay@5f282abb]" name="quit" is-config="true" duration-ms="10004" started-at="2018-04-27T00:00:56Z" finished-at="2018-04-27T00:01:06Z">
          <reporter-output>
          </reporter-output>
        </test-method> <!-- quit -->
      </class> <!-- ebay.testEbay -->
    </test> <!-- test Ebay -->
  </suite> <!-- Facebook Automation Script  -->
</testng-results>
