<?xml version="1.0" encoding="UTF-8"?>
<testng-results skipped="0" failed="0" ignored="0" total="1" passed="1">
  <reporter-output>
  </reporter-output>
  <suite name="HBO Automation Script " duration-ms="15407" started-at="2018-04-28T13:11:32Z" finished-at="2018-04-28T13:11:48Z">
    <groups>
    </groups>
    <test name="HBO test" duration-ms="15407" started-at="2018-04-28T13:11:32Z" finished-at="2018-04-28T13:11:48Z">
      <class name="Clicks.ableToChooseBoxing">
        <test-method status="PASS" signature="setUp(java.lang.String, java.lang.String, java.lang.String)[pri:0, instance:Clicks.ableToChooseBoxing@64729b1e]" name="setUp" is-config="true" duration-ms="3160" started-at="2018-04-28T13:11:32Z" finished-at="2018-04-28T13:11:35Z">
          <params>
            <param index="0">
              <value>
                <![CDATA[https://www.hbo.com]]>
              </value>
            </param>
            <param index="1">
              <value>
                <![CDATA[Chrome]]>
              </value>
            </param>
            <param index="2">
              <value>
                <![CDATA[mac]]>
              </value>
            </param>
          </params>
          <reporter-output>
          </reporter-output>
        </test-method> <!-- setUp -->
        <test-method status="PASS" signature="AbleToclickonboxing()[pri:0, instance:Clicks.ableToChooseBoxing@64729b1e]" name="AbleToclickonboxing" duration-ms="2224" started-at="2018-04-28T13:11:35Z" finished-at="2018-04-28T13:11:38Z">
          <reporter-output>
          </reporter-output>
        </test-method> <!-- AbleToclickonboxing -->
        <test-method status="PASS" signature="quit()[pri:0, instance:Clicks.ableToChooseBoxing@64729b1e]" name="quit" is-config="true" duration-ms="10004" started-at="2018-04-28T13:11:38Z" finished-at="2018-04-28T13:11:48Z">
          <reporter-output>
          </reporter-output>
        </test-method> <!-- quit -->
      </class> <!-- Clicks.ableToChooseBoxing -->
    </test> <!-- HBO test -->
  </suite> <!-- HBO Automation Script  -->
</testng-results>
